<?xml version="1.0" encoding="UTF-8"?>
<!-- Generated by org.testng.reporters.JUnitReportReporter -->
<testsuite skipped="0" hostname="DESKTOP-OA26UOH" name="SeleAuto.TestSele" tests="3" failures="0" timestamp="13 Jun 2021 11:56:13 GMT" time="0.005" errors="0">
  <testcase name="test3" time="0.000" classname="SeleAuto.TestSele"/>
  <testcase name="test2" time="0.000" classname="SeleAuto.TestSele"/>
  <testcase name="test1" time="0.005" classname="SeleAuto.TestSele"/>
</testsuite> <!-- SeleAuto.TestSele -->
