<?xml version="1.0" encoding="UTF-8"?>
<!-- Generated by org.testng.reporters.JUnitReportReporter -->
<testsuite skipped="0" hostname="DESKTOP-OA26UOH" name="SeleAuto.TestSele" tests="2" failures="0" timestamp="2021-06-12T22:43:05 IST" time="0.004" errors="0">
  <testcase name="test1" time="0.004" classname="SeleAuto.TestSele"/>
  <system-out/>
  <testcase name="test2" time="0.000" classname="SeleAuto.TestSele"/>
  <system-out/>
</testsuite> <!-- SeleAuto.TestSele -->
